<?xml version="1.0" encoding="UTF-8"?>
<!-- Generated by org.testng.reporters.JUnitReportReporter -->
<testsuite hostname="ESPLFAIT00704" failures="0" tests="4" name="selenium.Parameterization" time="0.057" errors="0" timestamp="2024-11-29T14:20:21 IST" skipped="0">
  <testcase classname="selenium.Parameterization" name="addNumbers" time="0.002"/>
  <system-out/>
  <testcase classname="selenium.Parameterization" name="addNumbers" time="0.002"/>
  <system-out/>
  <testcase classname="selenium.Parameterization" name="addNumbers" time="0.003"/>
  <system-out/>
  <testcase classname="selenium.Parameterization" name="addNumbers" time="0.050"/>
  <system-out/>
</testsuite> <!-- selenium.Parameterization -->
