<?xml version="1.0" encoding="UTF-8"?>
<!-- Generated by org.testng.reporters.JUnitReportReporter -->
<testsuite hostname="ESPLFAIT00704" failures="0" tests="3" name="selenium.Parameterization3" time="11.446" errors="0" timestamp="2024-11-29T15:18:04 IST" skipped="0">
  <testcase classname="selenium.Parameterization3" name="testLogin" time="3.119"/>
  <system-out/>
  <testcase classname="selenium.Parameterization3" name="testLogin" time="2.743"/>
  <system-out/>
  <testcase classname="selenium.Parameterization3" name="testLogin" time="5.584"/>
  <system-out/>
</testsuite> <!-- selenium.Parameterization3 -->
