<?xml version="1.0" encoding="UTF-8"?>
<!-- Generated by org.testng.reporters.JUnitReportReporter -->
<testsuite hostname="ESPLFAIT00704" failures="0" tests="1" name="restApi.PostWithCsv" time="65.019" errors="0" timestamp="2024-12-04T13:34:40 IST" skipped="0">
  <testcase classname="restApi.PostWithCsv" name="createBookingFromCSV" time="65.019"/>
  <system-out/>
</testsuite> <!-- restApi.PostWithCsv -->
