<?xml version="1.0" encoding="UTF-8"?>
<!-- Generated by org.testng.reporters.JUnitReportReporter -->
<testsuite hostname="ESPLFAIT00704" failures="0" tests="2" name="selenium.CaseStudyAmazon" time="81.440" errors="0" timestamp="2024-12-02T21:19:45 IST" skipped="0">
  <testcase classname="selenium.CaseStudyAmazon" name="testLogin" time="42.415"/>
  <system-out/>
  <testcase classname="selenium.CaseStudyAmazon" name="testSearchItem" time="39.025"/>
  <system-out/>
</testsuite> <!-- selenium.CaseStudyAmazon -->
