<?xml version="1.0" encoding="UTF-8"?>
<!-- Generated by org.testng.reporters.JUnitReportReporter -->
<testsuite hostname="ESPLFAIT00704" failures="0" tests="1" name="restApi.PostWithJson" time="20.240" errors="0" timestamp="2024-12-04T11:10:13 IST" skipped="0">
  <testcase classname="restApi.PostWithJson" name="testCreateBookingWithJSONPayload" time="20.240"/>
  <system-out/>
</testsuite> <!-- restApi.PostWithJson -->
