<?xml version="1.0" encoding="UTF-8"?>
<!-- Generated by org.testng.reporters.JUnitReportReporter -->
<testsuite hostname="ESPLFAIT00704" failures="0" tests="2" name="selenium.BlazeDemoTest" time="3.171" errors="0" timestamp="2024-11-27T15:44:35 IST" skipped="0">
  <testcase classname="selenium.BlazeDemoTest" name="testFlightSearch" time="2.578"/>
  <system-out/>
  <testcase classname="selenium.BlazeDemoTest" name="testHomePageLoad" time="0.593"/>
  <system-out/>
</testsuite> <!-- selenium.BlazeDemoTest -->
