<?xml version="1.0" encoding="UTF-8"?>
<!-- Generated by org.testng.reporters.JUnitReportReporter -->
<testsuite hostname="ESPLFAIT00704" failures="0" tests="5" name="restApi.RestfulBookerApiTest" time="7.002" errors="0" timestamp="2024-12-03T13:59:46 IST" skipped="0">
  <testcase classname="restApi.RestfulBookerApiTest" name="testCreateBooking" time="1.415"/>
  <system-out/>
  <testcase classname="restApi.RestfulBookerApiTest" name="testGetBooking" time="1.177"/>
  <system-out/>
  <testcase classname="restApi.RestfulBookerApiTest" name="testUpdateBooking" time="1.164"/>
  <system-out/>
  <testcase classname="restApi.RestfulBookerApiTest" name="testPartialUpdateBooking" time="1.097"/>
  <system-out/>
  <testcase classname="restApi.RestfulBookerApiTest" name="testDeleteBooking" time="2.149"/>
  <system-out/>
</testsuite> <!-- restApi.RestfulBookerApiTest -->
