<?xml version="1.0" encoding="UTF-8"?>
<!-- Generated by org.testng.reporters.JUnitReportReporter -->
<testsuite hostname="ESPLFAIT00704" failures="0" tests="2" name="selenium.ExtentReport" time="3.457" errors="0" timestamp="2024-11-28T15:56:44 IST" skipped="0">
  <testcase classname="selenium.ExtentReport" name="testHomePageLoad" time="0.561"/>
  <system-out/>
  <testcase classname="selenium.ExtentReport" name="testFlightSearch" time="2.896"/>
  <system-out/>
</testsuite> <!-- selenium.ExtentReport -->
