<?xml version="1.0" encoding="UTF-8"?>
<!-- Generated by org.testng.reporters.JUnitReportReporter -->
<testsuite hostname="ESPLFAIT00704" failures="0" tests="3" name="selenium.Parameterization1" time="11.620" errors="0" timestamp="2024-11-29T14:44:27 IST" skipped="0">
  <testcase classname="selenium.Parameterization1" name="testLogin" time="6.299"/>
  <system-out/>
  <testcase classname="selenium.Parameterization1" name="testLogin" time="2.688"/>
  <system-out/>
  <testcase classname="selenium.Parameterization1" name="testLogin" time="2.633"/>
  <system-out/>
</testsuite> <!-- selenium.Parameterization1 -->
