<?xml version="1.0" encoding="UTF-8"?>
<!-- Generated by org.testng.reporters.JUnitReportReporter -->
<testsuite hostname="ESPLFAIT00704" failures="0" tests="1" name="restApi.PutWithJson" time="9.586" errors="0" timestamp="2024-12-04T10:03:37 IST" skipped="0">
  <testcase classname="restApi.PutWithJson" name="testUpdateBookingWithJSON" time="9.586"/>
  <system-out/>
</testsuite> <!-- restApi.PutWithJson -->
