<?xml version="1.0" encoding="UTF-8"?>
<!-- Generated by org.testng.reporters.JUnitReportReporter -->
<testsuite hostname="ESPLFAIT00704" failures="0" tests="1" name="restApi.GetSpecificIDDetails" time="31.337" errors="0" timestamp="2024-12-04T11:12:35 IST" skipped="0">
  <testcase classname="restApi.GetSpecificIDDetails" name="getBookingDetailsById" time="31.337"/>
  <system-out/>
</testsuite> <!-- restApi.GetSpecificIDDetails -->
