<?xml version="1.0" encoding="UTF-8"?>
<!-- Generated by org.testng.reporters.JUnitReportReporter -->
<testsuite hostname="ESPLFAIT00704" failures="0" tests="1" name="restApi.PatchWithJson" time="28.749" errors="0" timestamp="2024-12-04T10:09:21 IST" skipped="0">
  <testcase classname="restApi.PatchWithJson" name="testUpdateBookingWithJSON" time="28.749"/>
  <system-out/>
</testsuite> <!-- restApi.PatchWithJson -->
