<?xml version="1.0" encoding="UTF-8"?>
<!-- Generated by org.testng.reporters.JUnitReportReporter -->
<testsuite hostname="ESPLFAIT00704" failures="0" tests="2" name="test.POM_LoginOrangeHRM" time="21.711" errors="0" timestamp="2024-12-06T11:07:25 IST" skipped="0">
  <testcase classname="test.POM_LoginOrangeHRM" name="testValidLogin" time="11.550"/>
  <testcase classname="test.POM_LoginOrangeHRM" name="testInvalidLogin" time="10.161"/>
</testsuite> <!-- test.POM_LoginOrangeHRM -->
